<?xml version="1.0" encoding="UTF-8"?>
<!-- Generated by org.testng.reporters.JUnitReportReporter -->
<testsuite hostname="BKXDKT2" name="com.amit.qa.testcases.LoginPageTest" tests="2" failures="0" timestamp="21 Sep 2021 15:51:21 GMT" time="32.176" errors="0">
  <testcase name="loginPageTitleTest" time="15.812" classname="com.amit.qa.testcases.LoginPageTest"/>
  <testcase name="crmLogoImageTest" time="16.364" classname="com.amit.qa.testcases.LoginPageTest"/>
</testsuite> <!-- com.amit.qa.testcases.LoginPageTest -->
